
 /----------------------------------------------------------------------------\
 |                                                                            |
 |  yosys -- Yosys Open SYnthesis Suite                                       |
 |                                                                            |
 |  Copyright (C) 2012 - 2020  Claire Xenia Wolf <claire@yosyshq.com>         |
 |                                                                            |
 |  Permission to use, copy, modify, and/or distribute this software for any  |
 |  purpose with or without fee is hereby granted, provided that the above    |
 |  copyright notice and this permission notice appear in all copies.         |
 |                                                                            |
 |  THE SOFTWARE IS PROVIDED "AS IS" AND THE AUTHOR DISCLAIMS ALL WARRANTIES  |
 |  WITH REGARD TO THIS SOFTWARE INCLUDING ALL IMPLIED WARRANTIES OF          |
 |  MERCHANTABILITY AND FITNESS. IN NO EVENT SHALL THE AUTHOR BE LIABLE FOR   |
 |  ANY SPECIAL, DIRECT, INDIRECT, OR CONSEQUENTIAL DAMAGES OR ANY DAMAGES    |
 |  WHATSOEVER RESULTING FROM LOSS OF USE, DATA OR PROFITS, WHETHER IN AN     |
 |  ACTION OF CONTRACT, NEGLIGENCE OR OTHER TORTIOUS ACTION, ARISING OUT OF   |
 |  OR IN CONNECTION WITH THE USE OR PERFORMANCE OF THIS SOFTWARE.            |
 |                                                                            |
 \----------------------------------------------------------------------------/

 Yosys 0.11+13 (git sha1 UNKNOWN, gcc 4.8.5 -fPIC -Os)


-- Executing script file `design_smt2.ys' --

1. Executing RTLIL frontend.
Input filename: design.il

2. Executing DFFUNMAP pass (unmap clock enable and synchronous reset from FFs).

3. Printing statistics.

=== busyctr ===

   Number of wires:                 42
   Number of wire bits:            191
   Number of public wires:           5
   Number of public wire bits:      20
   Number of memories:               0
   Number of memory bits:            0
   Number of processes:              0
   Number of cells:                 45
     $add                            1
     $anyseq                         4
     $assert                         4
     $assume                         1
     $dff                            7
     $eq                             1
     $logic_and                      3
     $logic_not                      5
     $lt                             1
     $mux                           14
     $reduce_bool                    2
     $reduce_or                      1
     $sub                            1

4. Executing SMT2 backend.
Creating SMT-LIBv2 representation of module busyctr.

End of script. Logfile hash: 22533e3a76, CPU: user 0.00s system 0.00s, MEM: 4.39 MB peak
Yosys 0.11+13 (git sha1 UNKNOWN, gcc 4.8.5 -fPIC -Os)
Time spent: 58% 2x write_smt2 (0 sec), 33% 2x read_ilang (0 sec), ...
